  pch.cpp
C:\WOL\WizardOfLegend\WOL\WOL\math.h(98,43): warning C4305: '초기화 중': 'const double'에서 'float'(으)로 잘립니다.
  actor.cpp
  Anim.cpp
  ARCHER.cpp
C:\WOL\WizardOfLegend\WOL\WOL\ARCHER.cpp(27,18): warning C4244: '=': 'float'에서 'int'(으)로 변환하면서 데이터가 손실될 수 있습니다.
C:\WOL\WizardOfLegend\WOL\WOL\ARCHER.cpp(202,12): warning C4244: '초기화 중': 'Ty'에서 'float'(으)로 변환하면서 데이터가 손실될 수 있습니다.
          with
          [
              Ty=int
          ]
C:\WOL\WizardOfLegend\WOL\WOL\ARCHER.cpp(203,22): warning C4244: '-=': 'float'에서 'int'(으)로 변환하면서 데이터가 손실될 수 있습니다.
C:\Program Files (x86)\Microsoft Visual Studio\2019\Community\VC\Tools\MSVC\14.26.28801\include\utility(152,1): warning C4244: '초기화 중': '_Ty'에서 '_Ty2'(으)로 변환하면서 데이터가 손실될 수 있습니다.
          with
          [
              _Ty=float
          ]
          and
          [
              _Ty2=int
          ]
C:\WOL\WizardOfLegend\WOL\WOL\ARCHER.cpp(40): message : 컴파일되는 함수 템플릿 인스턴스화 'std::pair<int,int>::pair<int,float,0>(_Other1 &&,_Other2 &&) noexcept'에 대한 참조를 확인하세요.
          with
          [
              _Other1=int,
              _Other2=float
          ]
C:\WOL\WizardOfLegend\WOL\WOL\ARCHER.cpp(40): message : 컴파일되는 함수 템플릿 인스턴스화 'std::pair<int,int>::pair<int,float,0>(_Other1 &&,_Other2 &&) noexcept'에 대한 참조를 확인하세요.
          with
          [
              _Other1=int,
              _Other2=float
          ]
C:\Program Files (x86)\Microsoft Visual Studio\2019\Community\VC\Tools\MSVC\14.26.28801\include\utility(152,16): warning C4244: '초기화 중': '_Ty'에서 '_Ty1'(으)로 변환하면서 데이터가 손실될 수 있습니다.
          with
          [
              _Ty=int
          ]
          and
          [
              _Ty1=float
          ]
C:\WOL\WizardOfLegend\WOL\WOL\ARCHER.cpp(161): message : 컴파일되는 함수 템플릿 인스턴스화 'std::pair<float,float>::pair<int,int,0>(_Other1 &&,_Other2 &&) noexcept'에 대한 참조를 확인하세요.
          with
          [
              _Other1=int,
              _Other2=int
          ]
C:\WOL\WizardOfLegend\WOL\WOL\ARCHER.cpp(161): message : 컴파일되는 함수 템플릿 인스턴스화 'std::pair<float,float>::pair<int,int,0>(_Other1 &&,_Other2 &&) noexcept'에 대한 참조를 확인하세요.
          with
          [
              _Other1=int,
              _Other2=int
          ]
C:\Program Files (x86)\Microsoft Visual Studio\2019\Community\VC\Tools\MSVC\14.26.28801\include\utility(152,1): warning C4244: '초기화 중': '_Ty'에서 '_Ty2'(으)로 변환하면서 데이터가 손실될 수 있습니다.
          with
          [
              _Ty=int
          ]
          and
          [
              _Ty2=float
          ]
  ArcherArrow.cpp
C:\WOL\WizardOfLegend\WOL\WOL\ArcherArrow.cpp(41,31): warning C4244: '인수': 'float'에서 'int'(으)로 변환하면서 데이터가 손실될 수 있습니다.
C:\WOL\WizardOfLegend\WOL\WOL\ArcherArrow.cpp(41,26): warning C4244: '인수': 'float'에서 'int'(으)로 변환하면서 데이터가 손실될 수 있습니다.
  ArcherBow.cpp
C:\WOL\WizardOfLegend\WOL\WOL\player_info.h(4,1): warning C4099: 'player_info': 처음에는 'class'을(를) 사용하여 형식 이름을 표시했는데 이제는 'struct'을(를) 사용하여 표시합니다.
C:\WOL\WizardOfLegend\WOL\WOL\player_info.h(3): message : 'player_info' 선언을 참조하십시오.
C:\WOL\WizardOfLegend\WOL\WOL\player_info.h(18,26): warning C4305: '초기화 중': 'double'에서 'float'(으)로 잘립니다.
C:\WOL\WizardOfLegend\WOL\WOL\ArcherBow.cpp(44,69): warning C4244: '인수': 'float'에서 'unsigned int'(으)로 변환하면서 데이터가 손실될 수 있습니다.
C:\WOL\WizardOfLegend\WOL\WOL\ArcherBow.cpp(50,70): warning C4244: '인수': 'float'에서 'unsigned int'(으)로 변환하면서 데이터가 손실될 수 있습니다.
C:\WOL\WizardOfLegend\WOL\WOL\ArcherBow.cpp(102,17): warning C4244: '인수': 'float'에서 'int'(으)로 변환하면서 데이터가 손실될 수 있습니다.
C:\WOL\WizardOfLegend\WOL\WOL\ArcherBow.cpp(101,17): warning C4244: '인수': 'float'에서 'int'(으)로 변환하면서 데이터가 손실될 수 있습니다.
C:\WOL\WizardOfLegend\WOL\WOL\ArcherBow.cpp(100,32): warning C4244: '인수': 'float'에서 'int'(으)로 변환하면서 데이터가 손실될 수 있습니다.
C:\WOL\WizardOfLegend\WOL\WOL\ArcherBow.cpp(100,27): warning C4244: '인수': 'float'에서 'int'(으)로 변환하면서 데이터가 손실될 수 있습니다.
C:\WOL\WizardOfLegend\WOL\WOL\ArcherBow.cpp(129,80): warning C4244: '인수': 'float'에서 'unsigned int'(으)로 변환하면서 데이터가 손실될 수 있습니다.
C:\WOL\WizardOfLegend\WOL\WOL\ArcherBow.cpp(134,81): warning C4244: '인수': 'float'에서 'unsigned int'(으)로 변환하면서 데이터가 손실될 수 있습니다.
  Bmp.cpp
  Bmp_mgr.cpp
  Boomerang.cpp
C:\WOL\WizardOfLegend\WOL\WOL\Boomerang.cpp(99,34): warning C4244: '인수': 'float'에서 'int'(으)로 변환하면서 데이터가 손실될 수 있습니다.
C:\WOL\WizardOfLegend\WOL\WOL\Boomerang.cpp(99,15): warning C4244: '인수': 'float'에서 'int'(으)로 변환하면서 데이터가 손실될 수 있습니다.
C:\WOL\WizardOfLegend\WOL\WOL\Boomerang.cpp(98,10): warning C4244: '인수': 'float'에서 'int'(으)로 변환하면서 데이터가 손실될 수 있습니다.
C:\WOL\WizardOfLegend\WOL\WOL\Boomerang.cpp(98,5): warning C4244: '인수': 'float'에서 'int'(으)로 변환하면서 데이터가 손실될 수 있습니다.
C:\WOL\WizardOfLegend\WOL\WOL\Boomerang.cpp(187,18): warning C4244: '초기화 중': 'Ty'에서 'float'(으)로 변환하면서 데이터가 손실될 수 있습니다.
          with
          [
              Ty=int
          ]
C:\WOL\WizardOfLegend\WOL\WOL\Boomerang.cpp(200,10): warning C4244: '초기화 중': 'int'에서 'float'(으)로 변환하면서 데이터가 손실될 수 있습니다.
C:\WOL\WizardOfLegend\WOL\WOL\Boomerang.cpp(201,10): warning C4244: '초기화 중': 'int'에서 'float'(으)로 변환하면서 데이터가 손실될 수 있습니다.
  BOSS.cpp
C:\WOL\WizardOfLegend\WOL\WOL\BossInfo.h(3,1): warning C4099: 'BossInfo': 처음에는 'class'을(를) 사용하여 형식 이름을 표시했는데 이제는 'struct'을(를) 사용하여 표시합니다.
C:\WOL\WizardOfLegend\WOL\WOL\BossInfo.h(2): message : 'BossInfo' 선언을 참조하십시오.
C:\WOL\WizardOfLegend\WOL\WOL\BOSS.cpp(94,35): warning C4244: '인수': 'float'에서 'int'(으)로 변환하면서 데이터가 손실될 수 있습니다.
C:\WOL\WizardOfLegend\WOL\WOL\BOSS.cpp(94,18): warning C4244: '인수': 'float'에서 'int'(으)로 변환하면서 데이터가 손실될 수 있습니다.
C:\WOL\WizardOfLegend\WOL\WOL\BOSS.cpp(93,21): warning C4244: '인수': 'float'에서 'int'(으)로 변환하면서 데이터가 손실될 수 있습니다.
C:\WOL\WizardOfLegend\WOL\WOL\BOSS.cpp(93,10): warning C4244: '인수': 'float'에서 'int'(으)로 변환하면서 데이터가 손실될 수 있습니다.
C:\WOL\WizardOfLegend\WOL\WOL\BOSS.cpp(245,22): warning C4018: '>=': signed 또는 unsigned가 일치하지 않습니다.
C:\WOL\WizardOfLegend\WOL\WOL\BOSS.cpp(250,22): warning C4018: '>=': signed 또는 unsigned가 일치하지 않습니다.
C:\Program Files (x86)\Microsoft Visual Studio\2019\Community\VC\Tools\MSVC\14.26.28801\include\utility(152,16): warning C4244: '초기화 중': '_Ty'에서 '_Ty1'(으)로 변환하면서 데이터가 손실될 수 있습니다.
          with
          [
              _Ty=double
          ]
          and
          [
              _Ty1=int
          ]
C:\WOL\WizardOfLegend\WOL\WOL\BOSS.cpp(143): message : 컴파일되는 함수 템플릿 인스턴스화 'std::pair<int,int>::pair<double,double,0>(_Other1 &&,_Other2 &&) noexcept'에 대한 참조를 확인하세요.
          with
          [
              _Other1=double,
              _Other2=double
          ]
C:\WOL\WizardOfLegend\WOL\WOL\BOSS.cpp(143): message : 컴파일되는 함수 템플릿 인스턴스화 'std::pair<int,int>::pair<double,double,0>(_Other1 &&,_Other2 &&) noexcept'에 대한 참조를 확인하세요.
          with
          [
              _Other1=double,
              _Other2=double
          ]
C:\Program Files (x86)\Microsoft Visual Studio\2019\Community\VC\Tools\MSVC\14.26.28801\include\utility(152,1): warning C4244: '초기화 중': '_Ty'에서 '_Ty2'(으)로 변환하면서 데이터가 손실될 수 있습니다.
          with
          [
              _Ty=double
          ]
          and
          [
              _Ty2=int
          ]
C:\Program Files (x86)\Microsoft Visual Studio\2019\Community\VC\Tools\MSVC\14.26.28801\include\utility(181,16): warning C4244: '초기화 중': 'const _Ty1'에서 '_Ty1'(으)로 변환하면서 데이터가 손실될 수 있습니다.
          with
          [
              _Ty1=int
          ]
          and
          [
              _Ty1=float
          ]
C:\WOL\WizardOfLegend\WOL\WOL\BOSS.cpp(206): message : 컴파일되는 함수 템플릿 인스턴스화 'std::pair<float,float>::pair<int,int,0>(const std::pair<int,int> &) noexcept'에 대한 참조를 확인하세요.
C:\WOL\WizardOfLegend\WOL\WOL\BOSS.cpp(206): message : 컴파일되는 함수 템플릿 인스턴스화 'std::pair<float,float>::pair<int,int,0>(const std::pair<int,int> &) noexcept'에 대한 참조를 확인하세요.
C:\Program Files (x86)\Microsoft Visual Studio\2019\Community\VC\Tools\MSVC\14.26.28801\include\utility(181,1): warning C4244: '초기화 중': 'const _Ty2'에서 '_Ty2'(으)로 변환하면서 데이터가 손실될 수 있습니다.
          with
          [
              _Ty2=int
          ]
          and
          [
              _Ty2=float
          ]
  BossCrystal.cpp
  BossInfo.cpp
  Camera.cpp
  collision_component.cpp
C:\WOL\WizardOfLegend\WOL\WOL\collision_component.cpp(26,20): warning C4244: '=': 'float'에서 'LONG'(으)로 변환하면서 데이터가 손실될 수 있습니다.
C:\WOL\WizardOfLegend\WOL\WOL\collision_component.cpp(27,21): warning C4244: '=': 'float'에서 'LONG'(으)로 변환하면서 데이터가 손실될 수 있습니다.
C:\WOL\WizardOfLegend\WOL\WOL\collision_component.cpp(28,19): warning C4244: '=': 'float'에서 'LONG'(으)로 변환하면서 데이터가 손실될 수 있습니다.
C:\WOL\WizardOfLegend\WOL\WOL\collision_component.cpp(29,22): warning C4244: '=': 'float'에서 'LONG'(으)로 변환하면서 데이터가 손실될 수 있습니다.
  collision_mgr.cpp
C:\WOL\WizardOfLegend\WOL\WOL\collision_mgr.cpp(146,20): warning C4018: '<': signed 또는 unsigned가 일치하지 않습니다.
C:\WOL\WizardOfLegend\WOL\WOL\collision_mgr.cpp(190,125): warning C4244: '인수': 'float'에서 'int'(으)로 변환하면서 데이터가 손실될 수 있습니다.
C:\WOL\WizardOfLegend\WOL\WOL\collision_mgr.cpp(190,86): warning C4244: '인수': 'float'에서 'int'(으)로 변환하면서 데이터가 손실될 수 있습니다.
C:\WOL\WizardOfLegend\WOL\WOL\collision_mgr.cpp(190,48): warning C4244: '인수': 'float'에서 'int'(으)로 변환하면서 데이터가 손실될 수 있습니다.
C:\WOL\WizardOfLegend\WOL\WOL\collision_mgr.cpp(190,28): warning C4244: '인수': 'float'에서 'int'(으)로 변환하면서 데이터가 손실될 수 있습니다.
C:\WOL\WizardOfLegend\WOL\WOL\collision_mgr.cpp(224,9): warning C4244: '인수': 'float'에서 'int'(으)로 변환하면서 데이터가 손실될 수 있습니다.
C:\WOL\WizardOfLegend\WOL\WOL\collision_mgr.cpp(224,5): warning C4244: '인수': 'float'에서 'int'(으)로 변환하면서 데이터가 손실될 수 있습니다.
C:\WOL\WizardOfLegend\WOL\WOL\collision_mgr.cpp(223,42): warning C4244: '인수': 'float'에서 'int'(으)로 변환하면서 데이터가 손실될 수 있습니다.
C:\WOL\WizardOfLegend\WOL\WOL\collision_mgr.cpp(223,30): warning C4244: '인수': 'float'에서 'int'(으)로 변환하면서 데이터가 손실될 수 있습니다.
C:\WOL\WizardOfLegend\WOL\WOL\collision_mgr.cpp(259,7): warning C4838: 'float'에서 'LONG'(으)로의 변환에는 축소 변환이 필요합니다.
C:\WOL\WizardOfLegend\WOL\WOL\collision_mgr.cpp(259,7): warning C4244: '초기화 중': 'float'에서 'LONG'(으)로 변환하면서 데이터가 손실될 수 있습니다.
C:\WOL\WizardOfLegend\WOL\WOL\collision_mgr.cpp(259,34): warning C4838: 'float'에서 'LONG'(으)로의 변환에는 축소 변환이 필요합니다.
C:\WOL\WizardOfLegend\WOL\WOL\collision_mgr.cpp(259,34): warning C4244: '초기화 중': 'float'에서 'LONG'(으)로 변환하면서 데이터가 손실될 수 있습니다.
C:\WOL\WizardOfLegend\WOL\WOL\collision_mgr.cpp(259,61): warning C4838: 'float'에서 'LONG'(으)로의 변환에는 축소 변환이 필요합니다.
C:\WOL\WizardOfLegend\WOL\WOL\collision_mgr.cpp(259,61): warning C4244: '초기화 중': 'float'에서 'LONG'(으)로 변환하면서 데이터가 손실될 수 있습니다.
C:\WOL\WizardOfLegend\WOL\WOL\collision_mgr.cpp(260,7): warning C4838: 'float'에서 'LONG'(으)로의 변환에는 축소 변환이 필요합니다.
C:\WOL\WizardOfLegend\WOL\WOL\collision_mgr.cpp(260,7): warning C4244: '초기화 중': 'float'에서 'LONG'(으)로 변환하면서 데이터가 손실될 수 있습니다.
C:\WOL\WizardOfLegend\WOL\WOL\collision_mgr.cpp(269,8): warning C4244: '인수': 'float'에서 'int'(으)로 변환하면서 데이터가 손실될 수 있습니다.
C:\WOL\WizardOfLegend\WOL\WOL\collision_mgr.cpp(268,62): warning C4244: '인수': 'float'에서 'int'(으)로 변환하면서 데이터가 손실될 수 있습니다.
C:\WOL\WizardOfLegend\WOL\WOL\collision_mgr.cpp(268,35): warning C4244: '인수': 'float'에서 'int'(으)로 변환하면서 데이터가 손실될 수 있습니다.
C:\WOL\WizardOfLegend\WOL\WOL\collision_mgr.cpp(268,8): warning C4244: '인수': 'float'에서 'int'(으)로 변환하면서 데이터가 손실될 수 있습니다.
C:\WOL\WizardOfLegend\WOL\WOL\collision_mgr.cpp(277,8): warning C4244: '인수': 'float'에서 'int'(으)로 변환하면서 데이터가 손실될 수 있습니다.
C:\WOL\WizardOfLegend\WOL\WOL\collision_mgr.cpp(276,62): warning C4244: '인수': 'float'에서 'int'(으)로 변환하면서 데이터가 손실될 수 있습니다.
C:\WOL\WizardOfLegend\WOL\WOL\collision_mgr.cpp(276,35): warning C4244: '인수': 'float'에서 'int'(으)로 변환하면서 데이터가 손실될 수 있습니다.
C:\WOL\WizardOfLegend\WOL\WOL\collision_mgr.cpp(276,8): warning C4244: '인수': 'float'에서 'int'(으)로 변환하면서 데이터가 손실될 수 있습니다.
  Color.cpp
  Debuger.cpp
  Effect.cpp
C:\WOL\WizardOfLegend\WOL\WOL\Effect.cpp(37,10): warning C4244: '초기화 중': 'float'에서 'int'(으)로 변환하면서 데이터가 손실될 수 있습니다.
C:\WOL\WizardOfLegend\WOL\WOL\Effect.cpp(38,10): warning C4244: '초기화 중': 'float'에서 'int'(으)로 변환하면서 데이터가 손실될 수 있습니다.
C:\WOL\WizardOfLegend\WOL\WOL\Effect.cpp(43,44): warning C4244: '인수': 'float'에서 'int'(으)로 변환하면서 데이터가 손실될 수 있습니다.
C:\WOL\WizardOfLegend\WOL\WOL\Effect.cpp(43,29): warning C4244: '인수': 'float'에서 'int'(으)로 변환하면서 데이터가 손실될 수 있습니다.
C:\WOL\WizardOfLegend\WOL\WOL\Effect.cpp(65,28): warning C4244: '=': 'int'에서 'float'(으)로 변환하면서 데이터가 손실될 수 있습니다.
C:\WOL\WizardOfLegend\WOL\WOL\Effect.cpp(66,28): warning C4244: '=': 'int'에서 'float'(으)로 변환하면서 데이터가 손실될 수 있습니다.
  EffectPlayerAttack.cpp
C:\WOL\WizardOfLegend\WOL\WOL\EffectPlayerAttack.cpp(17,35): warning C4244: '=': 'float'에서 'int'(으)로 변환하면서 데이터가 손실될 수 있습니다.
C:\WOL\WizardOfLegend\WOL\WOL\EffectPlayerAttack.cpp(18,35): warning C4244: '=': 'float'에서 'int'(으)로 변환하면서 데이터가 손실될 수 있습니다.
C:\WOL\WizardOfLegend\WOL\WOL\EffectPlayerAttack.cpp(104,10): warning C4244: '초기화 중': 'float'에서 'int'(으)로 변환하면서 데이터가 손실될 수 있습니다.
C:\WOL\WizardOfLegend\WOL\WOL\EffectPlayerAttack.cpp(105,10): warning C4244: '초기화 중': 'float'에서 'int'(으)로 변환하면서 데이터가 손실될 수 있습니다.
C:\WOL\WizardOfLegend\WOL\WOL\EffectPlayerAttack.cpp(112,44): warning C4244: '인수': 'float'에서 'int'(으)로 변환하면서 데이터가 손실될 수 있습니다.
C:\WOL\WizardOfLegend\WOL\WOL\EffectPlayerAttack.cpp(112,29): warning C4244: '인수': 'float'에서 'int'(으)로 변환하면서 데이터가 손실될 수 있습니다.
  FireDragon.cpp
C:\WOL\WizardOfLegend\WOL\WOL\FireDragon.cpp(81,22): warning C4838: 'const float'에서 'LONG'(으)로의 변환에는 축소 변환이 필요합니다.
C:\WOL\WizardOfLegend\WOL\WOL\FireDragon.cpp(81,22): warning C4244: '초기화 중': 'const float'에서 'LONG'(으)로 변환하면서 데이터가 손실될 수 있습니다.
C:\WOL\WizardOfLegend\WOL\WOL\FireDragon.cpp(81,27): warning C4838: 'const float'에서 'LONG'(으)로의 변환에는 축소 변환이 필요합니다.
C:\WOL\WizardOfLegend\WOL\WOL\FireDragon.cpp(81,27): warning C4244: '초기화 중': 'const float'에서 'LONG'(으)로 변환하면서 데이터가 손실될 수 있습니다.
C:\WOL\WizardOfLegend\WOL\WOL\FireDragon.cpp(81,35): warning C4838: 'float'에서 'LONG'(으)로의 변환에는 축소 변환이 필요합니다.
C:\WOL\WizardOfLegend\WOL\WOL\FireDragon.cpp(81,35): warning C4244: '초기화 중': 'float'에서 'LONG'(으)로 변환하면서 데이터가 손실될 수 있습니다.
C:\WOL\WizardOfLegend\WOL\WOL\FireDragon.cpp(81,47): warning C4838: 'float'에서 'LONG'(으)로의 변환에는 축소 변환이 필요합니다.
C:\WOL\WizardOfLegend\WOL\WOL\FireDragon.cpp(81,47): warning C4244: '초기화 중': 'float'에서 'LONG'(으)로 변환하면서 데이터가 손실될 수 있습니다.
C:\WOL\WizardOfLegend\WOL\WOL\FireDragon.cpp(116,42): warning C4244: '인수': 'float'에서 'int'(으)로 변환하면서 데이터가 손실될 수 있습니다.
C:\WOL\WizardOfLegend\WOL\WOL\FireDragon.cpp(116,13): warning C4244: '인수': 'float'에서 'int'(으)로 변환하면서 데이터가 손실될 수 있습니다.
C:\WOL\WizardOfLegend\WOL\WOL\FireDragon.cpp(114,24): warning C4244: '인수': 'float'에서 'int'(으)로 변환하면서 데이터가 손실될 수 있습니다.
C:\WOL\WizardOfLegend\WOL\WOL\FireDragon.cpp(114,11): warning C4244: '인수': 'float'에서 'int'(으)로 변환하면서 데이터가 손실될 수 있습니다.
C:\WOL\WizardOfLegend\WOL\WOL\FireDragon.cpp(113,14): warning C4244: '인수': 'const float'에서 'int'(으)로 변환하면서 데이터가 손실될 수 있습니다.
C:\WOL\WizardOfLegend\WOL\WOL\FireDragon.cpp(113,8): warning C4244: '인수': 'const float'에서 'int'(으)로 변환하면서 데이터가 손실될 수 있습니다.
C:\WOL\WizardOfLegend\WOL\WOL\FireDragon.cpp(132,44): warning C4244: '인수': 'int'에서 'const float'(으)로 변환하면서 데이터가 손실될 수 있습니다.
C:\WOL\WizardOfLegend\WOL\WOL\FireDragon.cpp(144,12): warning C4244: '인수': 'float'에서 'int'(으)로 변환하면서 데이터가 손실될 수 있습니다.
C:\WOL\WizardOfLegend\WOL\WOL\FireDragon.cpp(144,7): warning C4244: '인수': 'float'에서 'int'(으)로 변환하면서 데이터가 손실될 수 있습니다.
C:\WOL\WizardOfLegend\WOL\WOL\FireDragon.cpp(143,45): warning C4244: '인수': 'float'에서 'int'(으)로 변환하면서 데이터가 손실될 수 있습니다.
C:\WOL\WizardOfLegend\WOL\WOL\FireDragon.cpp(143,19): warning C4244: '인수': 'float'에서 'int'(으)로 변환하면서 데이터가 손실될 수 있습니다.
C:\WOL\WizardOfLegend\WOL\WOL\FireDragon.cpp(141,37): warning C4244: '인수': 'float'에서 'int'(으)로 변환하면서 데이터가 손실될 수 있습니다.
C:\WOL\WizardOfLegend\WOL\WOL\FireDragon.cpp(141,10): warning C4244: '인수': 'float'에서 'int'(으)로 변환하면서 데이터가 손실될 수 있습니다.
C:\WOL\WizardOfLegend\WOL\WOL\FireDragon.cpp(140,12): warning C4244: '인수': 'float'에서 'int'(으)로 변환하면서 데이터가 손실될 수 있습니다.
C:\WOL\WizardOfLegend\WOL\WOL\FireDragon.cpp(140,7): warning C4244: '인수': 'float'에서 'int'(으)로 변환하면서 데이터가 손실될 수 있습니다.
C:\WOL\WizardOfLegend\WOL\WOL\FireDragon.cpp(173,28): warning C4244: '=': 'float'에서 'int'(으)로 변환하면서 데이터가 손실될 수 있습니다.
C:\WOL\WizardOfLegend\WOL\WOL\FireDragon.cpp(174,29): warning C4244: '=': 'float'에서 'int'(으)로 변환하면서 데이터가 손실될 수 있습니다.
  Font.cpp
  컴파일하고 있습니다...
  game.cpp
C:\WOL\WizardOfLegend\WOL\WOL\player_info.h(4,1): warning C4099: 'player_info': 처음에는 'class'을(를) 사용하여 형식 이름을 표시했는데 이제는 'struct'을(를) 사용하여 표시합니다.
C:\WOL\WizardOfLegend\WOL\WOL\player_info.h(3): message : 'player_info' 선언을 참조하십시오.
C:\WOL\WizardOfLegend\WOL\WOL\player_info.h(18,26): warning C4305: '초기화 중': 'double'에서 'float'(으)로 잘립니다.
  GoldEffect.cpp
C:\WOL\WizardOfLegend\WOL\WOL\player_info.h(4,1): warning C4099: 'player_info': 처음에는 'class'을(를) 사용하여 형식 이름을 표시했는데 이제는 'struct'을(를) 사용하여 표시합니다.
C:\WOL\WizardOfLegend\WOL\WOL\player_info.h(3): message : 'player_info' 선언을 참조하십시오.
C:\WOL\WizardOfLegend\WOL\WOL\player_info.h(18,26): warning C4305: '초기화 중': 'double'에서 'float'(으)로 잘립니다.
C:\WOL\WizardOfLegend\WOL\WOL\GoldEffect.cpp(65,41): warning C4244: '=': 'float'에서 'int'(으)로 변환하면서 데이터가 손실될 수 있습니다.
C:\WOL\WizardOfLegend\WOL\WOL\GoldEffect.cpp(66,41): warning C4244: '=': 'float'에서 'int'(으)로 변환하면서 데이터가 손실될 수 있습니다.
  helper.cpp
  HomingBlast.cpp
C:\WOL\WizardOfLegend\WOL\WOL\HomingBlast.h(23,56): warning C4305: '초기화 중': 'double'에서 'float'(으)로 잘립니다.
C:\WOL\WizardOfLegend\WOL\WOL\HomingBlast.cpp(121,18): warning C4244: '초기화 중': 'float'에서 'int'(으)로 변환하면서 데이터가 손실될 수 있습니다.
C:\WOL\WizardOfLegend\WOL\WOL\HomingBlast.cpp(122,18): warning C4244: '초기화 중': 'float'에서 'int'(으)로 변환하면서 데이터가 손실될 수 있습니다.
C:\WOL\WizardOfLegend\WOL\WOL\HomingBlast.cpp(127,24): warning C4244: '인수': 'float'에서 'int'(으)로 변환하면서 데이터가 손실될 수 있습니다.
C:\WOL\WizardOfLegend\WOL\WOL\HomingBlast.cpp(127,13): warning C4244: '인수': 'float'에서 'int'(으)로 변환하면서 데이터가 손실될 수 있습니다.
  ICE_Blast.cpp
  ICE_Crystal.cpp
  Input_mgr.cpp
  layer_type.cpp
  math.cpp
C:\WOL\WizardOfLegend\WOL\WOL\math.cpp(126,11): warning C4244: '초기화 중': 'LONG'에서 'float'(으)로 변환하면서 데이터가 손실될 수 있습니다.
C:\WOL\WizardOfLegend\WOL\WOL\math.cpp(127,11): warning C4244: '초기화 중': 'LONG'에서 'float'(으)로 변환하면서 데이터가 손실될 수 있습니다.
C:\WOL\WizardOfLegend\WOL\WOL\math.cpp(131,14): warning C4244: '초기화 중': 'LONG'에서 'float'(으)로 변환하면서 데이터가 손실될 수 있습니다.
C:\WOL\WizardOfLegend\WOL\WOL\math.cpp(138,14): warning C4244: '초기화 중': 'LONG'에서 'float'(으)로 변환하면서 데이터가 손실될 수 있습니다.
C:\Program Files (x86)\Microsoft Visual Studio\2019\Community\VC\Tools\MSVC\14.26.28801\include\utility(152,16): warning C4244: '초기화 중': '_Ty'에서 '_Ty1'(으)로 변환하면서 데이터가 손실될 수 있습니다.
          with
          [
              _Ty=int
          ]
          and
          [
              _Ty1=float
          ]
C:\WOL\WizardOfLegend\WOL\WOL\math.cpp(160): message : 컴파일되는 함수 템플릿 인스턴스화 'std::pair<float,float>::pair<int,int,0>(_Other1 &&,_Other2 &&) noexcept'에 대한 참조를 확인하세요.
          with
          [
              _Other1=int,
              _Other2=int
          ]
C:\WOL\WizardOfLegend\WOL\WOL\math.cpp(160): message : 컴파일되는 함수 템플릿 인스턴스화 'std::pair<float,float>::pair<int,int,0>(_Other1 &&,_Other2 &&) noexcept'에 대한 참조를 확인하세요.
          with
          [
              _Other1=int,
              _Other2=int
          ]
C:\Program Files (x86)\Microsoft Visual Studio\2019\Community\VC\Tools\MSVC\14.26.28801\include\utility(152,1): warning C4244: '초기화 중': '_Ty'에서 '_Ty2'(으)로 변환하면서 데이터가 손실될 수 있습니다.
          with
          [
              _Ty=int
          ]
          and
          [
              _Ty2=float
          ]
  MIDDLE_BOSS.cpp
C:\WOL\WizardOfLegend\WOL\WOL\WizardFire.h(24,15): warning C4244: '초기화 중': 'double'에서 'int'(으)로 변환하면서 데이터가 손실될 수 있습니다.
C:\WOL\WizardOfLegend\WOL\WOL\WizardFire.h(25,15): warning C4244: '초기화 중': 'double'에서 'int'(으)로 변환하면서 데이터가 손실될 수 있습니다.
C:\WOL\WizardOfLegend\WOL\WOL\BossInfo.h(3,1): warning C4099: 'BossInfo': 처음에는 'class'을(를) 사용하여 형식 이름을 표시했는데 이제는 'struct'을(를) 사용하여 표시합니다.
C:\WOL\WizardOfLegend\WOL\WOL\BossInfo.h(2): message : 'BossInfo' 선언을 참조하십시오.
C:\WOL\WizardOfLegend\WOL\WOL\SwordMan.h(16,29): warning C4305: '초기화 중': 'double'에서 'float'(으)로 잘립니다.
C:\WOL\WizardOfLegend\WOL\WOL\HomingBlast.h(23,56): warning C4305: '초기화 중': 'double'에서 'float'(으)로 잘립니다.
C:\WOL\WizardOfLegend\WOL\WOL\MIDDLE_BOSS.cpp(102,62): warning C4244: '인수': 'float'에서 'int'(으)로 변환하면서 데이터가 손실될 수 있습니다.
C:\WOL\WizardOfLegend\WOL\WOL\MIDDLE_BOSS.cpp(102,37): warning C4244: '인수': 'float'에서 'int'(으)로 변환하면서 데이터가 손실될 수 있습니다.
C:\WOL\WizardOfLegend\WOL\WOL\MIDDLE_BOSS.cpp(103,108): warning C4244: '인수': 'float'에서 'int'(으)로 변환하면서 데이터가 손실될 수 있습니다.
C:\WOL\WizardOfLegend\WOL\WOL\MIDDLE_BOSS.cpp(103,59): warning C4244: '인수': 'float'에서 'int'(으)로 변환하면서 데이터가 손실될 수 있습니다.
C:\WOL\WizardOfLegend\WOL\WOL\MIDDLE_BOSS.cpp(116,35): warning C4244: '인수': 'float'에서 'int'(으)로 변환하면서 데이터가 손실될 수 있습니다.
C:\WOL\WizardOfLegend\WOL\WOL\MIDDLE_BOSS.cpp(116,18): warning C4244: '인수': 'float'에서 'int'(으)로 변환하면서 데이터가 손실될 수 있습니다.
C:\WOL\WizardOfLegend\WOL\WOL\MIDDLE_BOSS.cpp(115,21): warning C4244: '인수': 'float'에서 'int'(으)로 변환하면서 데이터가 손실될 수 있습니다.
C:\WOL\WizardOfLegend\WOL\WOL\MIDDLE_BOSS.cpp(115,10): warning C4244: '인수': 'float'에서 'int'(으)로 변환하면서 데이터가 손실될 수 있습니다.
C:\WOL\WizardOfLegend\WOL\WOL\MIDDLE_BOSS.cpp(276,21): warning C4018: '>=': signed 또는 unsigned가 일치하지 않습니다.
C:\WOL\WizardOfLegend\WOL\WOL\MIDDLE_BOSS.cpp(502,28): warning C4244: '초기화 중': 'size_t'에서 'float'(으)로 변환하면서 데이터가 손실될 수 있습니다.
C:\WOL\WizardOfLegend\WOL\WOL\MIDDLE_BOSS.cpp(513,20): warning C4018: '<': signed 또는 unsigned가 일치하지 않습니다.
C:\WOL\WizardOfLegend\WOL\WOL\MIDDLE_BOSS.cpp(515,21): warning C4018: '<': signed 또는 unsigned가 일치하지 않습니다.
C:\WOL\WizardOfLegend\WOL\WOL\MIDDLE_BOSS.cpp(549,24): warning C4834: 'nodiscard' 특성이 포함된 함수의 반환 값을 버리는 중
C:\WOL\WizardOfLegend\WOL\WOL\MIDDLE_BOSS.cpp(550,24): warning C4834: 'nodiscard' 특성이 포함된 함수의 반환 값을 버리는 중
C:\WOL\WizardOfLegend\WOL\WOL\MIDDLE_BOSS.cpp(551,24): warning C4834: 'nodiscard' 특성이 포함된 함수의 반환 값을 버리는 중
C:\WOL\WizardOfLegend\WOL\WOL\MIDDLE_BOSS.cpp(574,20): warning C4018: '<': signed 또는 unsigned가 일치하지 않습니다.
C:\WOL\WizardOfLegend\WOL\WOL\MIDDLE_BOSS.cpp(576,25): warning C4834: 'nodiscard' 특성이 포함된 함수의 반환 값을 버리는 중
C:\Program Files (x86)\Microsoft Visual Studio\2019\Community\VC\Tools\MSVC\14.26.28801\include\utility(152,16): warning C4244: '초기화 중': '_Ty'에서 '_Ty1'(으)로 변환하면서 데이터가 손실될 수 있습니다.
          with
          [
              _Ty=double
          ]
          and
          [
              _Ty1=int
          ]
C:\WOL\WizardOfLegend\WOL\WOL\MIDDLE_BOSS.cpp(166): message : 컴파일되는 함수 템플릿 인스턴스화 'std::pair<int,int>::pair<double,double,0>(_Other1 &&,_Other2 &&) noexcept'에 대한 참조를 확인하세요.
          with
          [
              _Other1=double,
              _Other2=double
          ]
C:\WOL\WizardOfLegend\WOL\WOL\MIDDLE_BOSS.cpp(166): message : 컴파일되는 함수 템플릿 인스턴스화 'std::pair<int,int>::pair<double,double,0>(_Other1 &&,_Other2 &&) noexcept'에 대한 참조를 확인하세요.
          with
          [
              _Other1=double,
              _Other2=double
          ]
C:\Program Files (x86)\Microsoft Visual Studio\2019\Community\VC\Tools\MSVC\14.26.28801\include\utility(152,1): warning C4244: '초기화 중': '_Ty'에서 '_Ty2'(으)로 변환하면서 데이터가 손실될 수 있습니다.
          with
          [
              _Ty=double
          ]
          and
          [
              _Ty2=int
          ]
C:\Program Files (x86)\Microsoft Visual Studio\2019\Community\VC\Tools\MSVC\14.26.28801\include\utility(181,16): warning C4244: '초기화 중': 'const _Ty1'에서 '_Ty1'(으)로 변환하면서 데이터가 손실될 수 있습니다.
          with
          [
              _Ty1=int
          ]
          and
          [
              _Ty1=float
          ]
C:\WOL\WizardOfLegend\WOL\WOL\MIDDLE_BOSS.cpp(194): message : 컴파일되는 함수 템플릿 인스턴스화 'std::pair<float,float>::pair<int,int,0>(const std::pair<int,int> &) noexcept'에 대한 참조를 확인하세요.
C:\WOL\WizardOfLegend\WOL\WOL\MIDDLE_BOSS.cpp(194): message : 컴파일되는 함수 템플릿 인스턴스화 'std::pair<float,float>::pair<int,int,0>(const std::pair<int,int> &) noexcept'에 대한 참조를 확인하세요.
C:\Program Files (x86)\Microsoft Visual Studio\2019\Community\VC\Tools\MSVC\14.26.28801\include\utility(181,1): warning C4244: '초기화 중': 'const _Ty2'에서 '_Ty2'(으)로 변환하면서 데이터가 손실될 수 있습니다.
          with
          [
              _Ty2=int
          ]
          and
          [
              _Ty2=float
          ]
  Money.cpp
  Monster.cpp
C:\WOL\WizardOfLegend\WOL\WOL\Monster.cpp(126,34): warning C4244: '인수': 'float'에서 'int'(으)로 변환하면서 데이터가 손실될 수 있습니다.
C:\WOL\WizardOfLegend\WOL\WOL\Monster.cpp(125,58): warning C4244: '인수': 'float'에서 'int'(으)로 변환하면서 데이터가 손실될 수 있습니다.
C:\WOL\WizardOfLegend\WOL\WOL\Monster.cpp(132,3): warning C4305: '인수': 'double'에서 'float'(으)로 잘립니다.
C:\WOL\WizardOfLegend\WOL\WOL\object_mgr.h(49,47): warning C4244: '인수': 'float'에서 'int'(으)로 변환하면서 데이터가 손실될 수 있습니다.
C:\WOL\WizardOfLegend\WOL\WOL\Monster.cpp(176): message : 컴파일되는 함수 템플릿 인스턴스화 'auto object_mgr::insert_object<Effect,float&,float&,std::wstring&,layer_type,int,int,float,float,int,int,float,float>(float &,float &,std::wstring &,layer_type &&,int &&,int &&,float &&,float &&,int &&,int &&,float &&,float &&)'에 대한 참조를 확인하세요.
C:\WOL\WizardOfLegend\WOL\WOL\Monster.cpp(174,24): warning C4834: 'nodiscard' 특성이 포함된 함수의 반환 값을 버리는 중
  Mouse.cpp
C:\WOL\WizardOfLegend\WOL\WOL\Mouse.cpp(30,63): warning C4244: '인수': 'float'에서 'int'(으)로 변환하면서 데이터가 손실될 수 있습니다.
C:\WOL\WizardOfLegend\WOL\WOL\Mouse.cpp(30,50): warning C4244: '인수': 'float'에서 'int'(으)로 변환하면서 데이터가 손실될 수 있습니다.
C:\WOL\WizardOfLegend\WOL\WOL\Mouse.cpp(30,37): warning C4244: '인수': 'float'에서 'int'(으)로 변환하면서 데이터가 손실될 수 있습니다.
C:\WOL\WizardOfLegend\WOL\WOL\Mouse.cpp(30,24): warning C4244: '인수': 'float'에서 'int'(으)로 변환하면서 데이터가 손실될 수 있습니다.
C:\WOL\WizardOfLegend\WOL\WOL\Mouse.cpp(34,16): warning C4838: 'float'에서 'LONG'(으)로의 변환에는 축소 변환이 필요합니다.
C:\WOL\WizardOfLegend\WOL\WOL\Mouse.cpp(34,16): warning C4244: '초기화 중': 'float'에서 'LONG'(으)로 변환하면서 데이터가 손실될 수 있습니다.
C:\WOL\WizardOfLegend\WOL\WOL\Mouse.cpp(34,22): warning C4838: 'float'에서 'LONG'(으)로의 변환에는 축소 변환이 필요합니다.
C:\WOL\WizardOfLegend\WOL\WOL\Mouse.cpp(34,22): warning C4244: '초기화 중': 'float'에서 'LONG'(으)로 변환하면서 데이터가 손실될 수 있습니다.
C:\WOL\WizardOfLegend\WOL\WOL\Mouse.cpp(34,31): warning C4838: 'float'에서 'LONG'(으)로의 변환에는 축소 변환이 필요합니다.
C:\WOL\WizardOfLegend\WOL\WOL\Mouse.cpp(34,31): warning C4244: '초기화 중': 'float'에서 'LONG'(으)로 변환하면서 데이터가 손실될 수 있습니다.
C:\WOL\WizardOfLegend\WOL\WOL\Mouse.cpp(34,43): warning C4838: 'float'에서 'LONG'(으)로의 변환에는 축소 변환이 필요합니다.
C:\WOL\WizardOfLegend\WOL\WOL\Mouse.cpp(34,43): warning C4244: '초기화 중': 'float'에서 'LONG'(으)로 변환하면서 데이터가 손실될 수 있습니다.
  MY_RECT.cpp
  object.cpp
  object_mgr.cpp
C:\WOL\WizardOfLegend\WOL\WOL\object_mgr.cpp(75,42): warning C4244: '인수': 'float'에서 'int'(으)로 변환하면서 데이터가 손실될 수 있습니다.
C:\WOL\WizardOfLegend\WOL\WOL\object_mgr.cpp(75,37): warning C4244: '인수': 'float'에서 'int'(으)로 변환하면서 데이터가 손실될 수 있습니다.
  player.cpp
C:\WOL\WizardOfLegend\WOL\WOL\player_info.h(4,1): warning C4099: 'player_info': 처음에는 'class'을(를) 사용하여 형식 이름을 표시했는데 이제는 'struct'을(를) 사용하여 표시합니다.
C:\WOL\WizardOfLegend\WOL\WOL\player_info.h(3): message : 'player_info' 선언을 참조하십시오.
C:\WOL\WizardOfLegend\WOL\WOL\player_info.h(18,26): warning C4305: '초기화 중': 'double'에서 'float'(으)로 잘립니다.
C:\WOL\WizardOfLegend\WOL\WOL\UIBar.h(14,37): warning C4099: 'player_info': 처음에는 'struct'을(를) 사용하여 형식 이름을 표시했는데 이제는 'class'을(를) 사용하여 표시합니다.
C:\WOL\WizardOfLegend\WOL\WOL\player_info.h(3): message : 'player_info' 선언을 참조하십시오.
C:\WOL\WizardOfLegend\WOL\WOL\player.cpp(55,23): warning C4244: '인수': 'float'에서 'int'(으)로 변환하면서 데이터가 손실될 수 있습니다.
C:\WOL\WizardOfLegend\WOL\WOL\player.cpp(55,18): warning C4244: '인수': 'float'에서 'int'(으)로 변환하면서 데이터가 손실될 수 있습니다.
C:\WOL\WizardOfLegend\WOL\WOL\player.cpp(56,22): warning C4244: '인수': 'float'에서 'int'(으)로 변환하면서 데이터가 손실될 수 있습니다.
C:\WOL\WizardOfLegend\WOL\WOL\player.cpp(56,16): warning C4244: '인수': 'float'에서 'int'(으)로 변환하면서 데이터가 손실될 수 있습니다.
C:\WOL\WizardOfLegend\WOL\WOL\player.cpp(156,56): warning C4244: '인수': 'float'에서 'int32_t'(으)로 변환하면서 데이터가 손실될 수 있습니다.
C:\WOL\WizardOfLegend\WOL\WOL\player.cpp(157,55): warning C4244: '인수': 'float'에서 'int32_t'(으)로 변환하면서 데이터가 손실될 수 있습니다.
C:\WOL\WizardOfLegend\WOL\WOL\player.cpp(232,12): warning C4244: '초기화 중': 'Ty'에서 'float'(으)로 변환하면서 데이터가 손실될 수 있습니다.
          with
          [
              Ty=int
          ]
C:\WOL\WizardOfLegend\WOL\WOL\player.cpp(234,22): warning C4244: '인수': 'float'에서 'int32_t'(으)로 변환하면서 데이터가 손실될 수 있습니다.
C:\WOL\WizardOfLegend\WOL\WOL\player.cpp(248,6): warning C4244: '인수': 'double'에서 'float'(으)로 변환하면서 데이터가 손실될 수 있습니다.
C:\WOL\WizardOfLegend\WOL\WOL\player.cpp(419,94): warning C4244: '인수': 'int'에서 'const float'(으)로 변환하면서 데이터가 손실될 수 있습니다.
C:\WOL\WizardOfLegend\WOL\WOL\player.cpp(1040,37): warning C4244: '=': 'uint32_t'에서 'float'(으)로 변환하면서 데이터가 손실될 수 있습니다.
C:\WOL\WizardOfLegend\WOL\WOL\player.cpp(1042,26): warning C4244: '=': 'int32_t'에서 'float'(으)로 변환하면서 데이터가 손실될 수 있습니다.
C:\WOL\WizardOfLegend\WOL\WOL\player.cpp(1047,37): warning C4244: '=': 'uint32_t'에서 'float'(으)로 변환하면서 데이터가 손실될 수 있습니다.
C:\WOL\WizardOfLegend\WOL\WOL\player.cpp(1049,26): warning C4244: '=': 'int32_t'에서 'float'(으)로 변환하면서 데이터가 손실될 수 있습니다.
C:\WOL\WizardOfLegend\WOL\WOL\player.cpp(1141,14): warning C4244: '초기화 중': 'float'에서 'int'(으)로 변환하면서 데이터가 손실될 수 있습니다.
C:\Program Files (x86)\Microsoft Visual Studio\2019\Community\VC\Tools\MSVC\14.26.28801\include\utility(152,1): warning C4244: '초기화 중': '_Ty'에서 '_Ty2'(으)로 변환하면서 데이터가 손실될 수 있습니다.
          with
          [
              _Ty=double
          ]
          and
          [
              _Ty2=int
          ]
C:\WOL\WizardOfLegend\WOL\WOL\player.cpp(114): message : 컴파일되는 함수 템플릿 인스턴스화 'std::pair<int,int>::pair<int,double,0>(_Other1 &&,_Other2 &&) noexcept'에 대한 참조를 확인하세요.
          with
          [
              _Other1=int,
              _Other2=double
          ]
C:\WOL\WizardOfLegend\WOL\WOL\player.cpp(114): message : 컴파일되는 함수 템플릿 인스턴스화 'std::pair<int,int>::pair<int,double,0>(_Other1 &&,_Other2 &&) noexcept'에 대한 참조를 확인하세요.
          with
          [
              _Other1=int,
              _Other2=double
          ]
C:\Program Files (x86)\Microsoft Visual Studio\2019\Community\VC\Tools\MSVC\14.26.28801\include\utility(152,16): warning C4244: '초기화 중': '_Ty'에서 '_Ty1'(으)로 변환하면서 데이터가 손실될 수 있습니다.
          with
          [
              _Ty=int
          ]
          and
          [
              _Ty1=float
          ]
C:\WOL\WizardOfLegend\WOL\WOL\player.cpp(334): message : 컴파일되는 함수 템플릿 인스턴스화 'std::pair<float,float>::pair<int,int,0>(_Other1 &&,_Other2 &&) noexcept'에 대한 참조를 확인하세요.
          with
          [
              _Other1=int,
              _Other2=int
          ]
C:\WOL\WizardOfLegend\WOL\WOL\player.cpp(334): message : 컴파일되는 함수 템플릿 인스턴스화 'std::pair<float,float>::pair<int,int,0>(_Other1 &&,_Other2 &&) noexcept'에 대한 참조를 확인하세요.
          with
          [
              _Other1=int,
              _Other2=int
          ]
C:\Program Files (x86)\Microsoft Visual Studio\2019\Community\VC\Tools\MSVC\14.26.28801\include\utility(152,1): warning C4244: '초기화 중': '_Ty'에서 '_Ty2'(으)로 변환하면서 데이터가 손실될 수 있습니다.
          with
          [
              _Ty=int
          ]
          and
          [
              _Ty2=float
          ]
  player_info.cpp
C:\WOL\WizardOfLegend\WOL\WOL\player_info.h(18,26): warning C4305: '초기화 중': 'double'에서 'float'(으)로 잘립니다.
  render_component.cpp
C:\WOL\WizardOfLegend\WOL\WOL\render_component.cpp(77,17): warning C4244: '인수': 'float'에서 'int'(으)로 변환하면서 데이터가 손실될 수 있습니다.
C:\WOL\WizardOfLegend\WOL\WOL\render_component.cpp(76,20): warning C4244: '인수': 'float'에서 'int'(으)로 변환하면서 데이터가 손실될 수 있습니다.
C:\WOL\WizardOfLegend\WOL\WOL\render_component.cpp(74,40): warning C4244: '인수': 'float'에서 'int'(으)로 변환하면서 데이터가 손실될 수 있습니다.
C:\WOL\WizardOfLegend\WOL\WOL\render_component.cpp(74,21): warning C4244: '인수': 'float'에서 'int'(으)로 변환하면서 데이터가 손실될 수 있습니다.
C:\WOL\WizardOfLegend\WOL\WOL\render_component.cpp(73,26): warning C4244: '인수': 'float'에서 'int'(으)로 변환하면서 데이터가 손실될 수 있습니다.
C:\WOL\WizardOfLegend\WOL\WOL\render_component.cpp(73,14): warning C4244: '인수': 'float'에서 'int'(으)로 변환하면서 데이터가 손실될 수 있습니다.
  RotationBoomerang.cpp
  컴파일하고 있습니다...
  Scene.cpp
  Scene_Boss.cpp
C:\WOL\WizardOfLegend\WOL\WOL\SwordMan.h(16,29): warning C4305: '초기화 중': 'double'에서 'float'(으)로 잘립니다.
C:\WOL\WizardOfLegend\WOL\WOL\Scene_Boss.cpp(101,83): warning C4244: '인수': 'Ty'에서 'const float'(으)로 변환하면서 데이터가 손실될 수 있습니다.
          with
          [
              Ty=int
          ]
  Scene_Edit.cpp
C:\WOL\WizardOfLegend\WOL\WOL\Scene_Edit.cpp(49,18): warning C4244: '-=': 'float'에서 'int'(으)로 변환하면서 데이터가 손실될 수 있습니다.
C:\WOL\WizardOfLegend\WOL\WOL\Scene_Edit.cpp(50,19): warning C4244: '-=': 'float'에서 'int'(으)로 변환하면서 데이터가 손실될 수 있습니다.
C:\WOL\WizardOfLegend\WOL\WOL\Scene_Edit.cpp(51,17): warning C4244: '-=': 'float'에서 'int'(으)로 변환하면서 데이터가 손실될 수 있습니다.
C:\WOL\WizardOfLegend\WOL\WOL\Scene_Edit.cpp(52,20): warning C4244: '-=': 'float'에서 'int'(으)로 변환하면서 데이터가 손실될 수 있습니다.
C:\WOL\WizardOfLegend\WOL\WOL\Scene_Edit.cpp(81,15): warning C4244: '인수': 'float'에서 'int'(으)로 변환하면서 데이터가 손실될 수 있습니다.
C:\WOL\WizardOfLegend\WOL\WOL\Scene_Edit.cpp(81,9): warning C4244: '인수': 'float'에서 'int'(으)로 변환하면서 데이터가 손실될 수 있습니다.
C:\WOL\WizardOfLegend\WOL\WOL\Scene_Edit.cpp(80,15): warning C4244: '인수': 'float'에서 'int'(으)로 변환하면서 데이터가 손실될 수 있습니다.
C:\WOL\WizardOfLegend\WOL\WOL\Scene_Edit.cpp(80,9): warning C4244: '인수': 'float'에서 'int'(으)로 변환하면서 데이터가 손실될 수 있습니다.
C:\WOL\WizardOfLegend\WOL\WOL\Scene_Edit.cpp(78,15): warning C4244: '인수': 'float'에서 'int'(으)로 변환하면서 데이터가 손실될 수 있습니다.
C:\WOL\WizardOfLegend\WOL\WOL\Scene_Edit.cpp(78,9): warning C4244: '인수': 'float'에서 'int'(으)로 변환하면서 데이터가 손실될 수 있습니다.
C:\WOL\WizardOfLegend\WOL\WOL\Scene_Edit.cpp(77,15): warning C4244: '인수': 'float'에서 'int'(으)로 변환하면서 데이터가 손실될 수 있습니다.
C:\WOL\WizardOfLegend\WOL\WOL\Scene_Edit.cpp(77,9): warning C4244: '인수': 'float'에서 'int'(으)로 변환하면서 데이터가 손실될 수 있습니다.
C:\Program Files (x86)\Microsoft Visual Studio\2019\Community\VC\Tools\MSVC\14.26.28801\include\utility(152,16): warning C4244: '초기화 중': 'float'에서 '_Ty1'(으)로 변환하면서 데이터가 손실될 수 있습니다.
          with
          [
              _Ty1=int
          ]
C:\WOL\WizardOfLegend\WOL\WOL\math.h(37): message : 컴파일되는 함수 템플릿 인스턴스화 'std::pair<int,int>::pair<float&,float&,0>(_Other1,_Other2) noexcept'에 대한 참조를 확인하세요.
          with
          [
              _Other1=float &,
              _Other2=float &
          ]
C:\WOL\WizardOfLegend\WOL\WOL\math.h(37): message : 컴파일되는 함수 템플릿 인스턴스화 'std::pair<int,int>::pair<float&,float&,0>(_Other1,_Other2) noexcept'에 대한 참조를 확인하세요.
          with
          [
              _Other1=float &,
              _Other2=float &
          ]
C:\WOL\WizardOfLegend\WOL\WOL\Scene_Edit.cpp(186): message : 컴파일되는 함수 템플릿 인스턴스화 'std::pair<int,int> vec::Pair<int>(void)'에 대한 참조를 확인하세요.
C:\Program Files (x86)\Microsoft Visual Studio\2019\Community\VC\Tools\MSVC\14.26.28801\include\utility(152,1): warning C4244: '초기화 중': 'float'에서 '_Ty2'(으)로 변환하면서 데이터가 손실될 수 있습니다.
          with
          [
              _Ty2=int
          ]
  Scene_End.cpp
  Scene_mgr.cpp
  Scene_Stage.cpp
C:\WOL\WizardOfLegend\WOL\WOL\SwordMan.h(16,29): warning C4305: '초기화 중': 'double'에서 'float'(으)로 잘립니다.
C:\WOL\WizardOfLegend\WOL\WOL\object_mgr.h(49,47): warning C4244: '인수': 'float'에서 'int'(으)로 변환하면서 데이터가 손실될 수 있습니다.
C:\WOL\WizardOfLegend\WOL\WOL\Scene_Stage.cpp(86): message : 컴파일되는 함수 템플릿 인스턴스화 'auto object_mgr::insert_object<Effect,float&,int,const wchar_t(&)[7],layer_type,int,int,float,float,int,int,float,float>(float &,int &&,const wchar_t (&)[7],layer_type &&,int &&,int &&,float &&,float &&,int &&,int &&,float &&,float &&)'에 대한 참조를 확인하세요.
  Scene_Start.cpp
  ScrewBoomerang.cpp
  Shadow.cpp
C:\WOL\WizardOfLegend\WOL\WOL\Shadow.cpp(105,35): warning C4244: '인수': 'float'에서 'int'(으)로 변환하면서 데이터가 손실될 수 있습니다.
C:\WOL\WizardOfLegend\WOL\WOL\Shadow.cpp(105,28): warning C4244: '인수': 'float'에서 'int'(으)로 변환하면서 데이터가 손실될 수 있습니다.
  shield.cpp
C:\WOL\WizardOfLegend\WOL\WOL\shield.cpp(99,39): warning C4244: '인수': 'float'에서 'int'(으)로 변환하면서 데이터가 손실될 수 있습니다.
C:\WOL\WizardOfLegend\WOL\WOL\shield.cpp(95,38): warning C4244: '인수': 'float'에서 'int'(으)로 변환하면서 데이터가 손실될 수 있습니다.
C:\WOL\WizardOfLegend\WOL\WOL\shield.cpp(94,40): warning C4244: '인수': 'float'에서 'int'(으)로 변환하면서 데이터가 손실될 수 있습니다.
C:\WOL\WizardOfLegend\WOL\WOL\shield.cpp(93,31): warning C4244: '인수': 'float'에서 'int'(으)로 변환하면서 데이터가 손실될 수 있습니다.
C:\WOL\WizardOfLegend\WOL\WOL\shield.cpp(92,33): warning C4244: '인수': 'float'에서 'int'(으)로 변환하면서 데이터가 손실될 수 있습니다.
C:\WOL\WizardOfLegend\WOL\WOL\shield.cpp(124,10): warning C4244: '초기화 중': 'float'에서 'int'(으)로 변환하면서 데이터가 손실될 수 있습니다.
C:\WOL\WizardOfLegend\WOL\WOL\object_mgr.h(49,47): warning C4244: '인수': 'float'에서 'int'(으)로 변환하면서 데이터가 손실될 수 있습니다.
C:\WOL\WizardOfLegend\WOL\WOL\shield.cpp(150): message : 컴파일되는 함수 템플릿 인스턴스화 'auto object_mgr::insert_object<Effect,float&,float&,const wchar_t(&)[12],layer_type,int,int,float,float,int,int,float,float>(float &,float &,const wchar_t (&)[12],layer_type &&,int &&,int &&,float &&,float &&,int &&,int &&,float &&,float &&)'에 대한 참조를 확인하세요.
  singleton_interface.cpp
  sound_mgr.cpp
  SwordMan.cpp
C:\WOL\WizardOfLegend\WOL\WOL\SwordMan.h(16,29): warning C4305: '초기화 중': 'double'에서 'float'(으)로 잘립니다.
C:\WOL\WizardOfLegend\WOL\WOL\SwordMan.cpp(29,18): warning C4244: '=': 'float'에서 'int'(으)로 변환하면서 데이터가 손실될 수 있습니다.
C:\WOL\WizardOfLegend\WOL\WOL\SwordMan.cpp(194,12): warning C4244: '초기화 중': 'Ty'에서 'float'(으)로 변환하면서 데이터가 손실될 수 있습니다.
          with
          [
              Ty=int
          ]
C:\WOL\WizardOfLegend\WOL\WOL\SwordMan.cpp(197,22): warning C4244: '-=': 'float'에서 'int'(으)로 변환하면서 데이터가 손실될 수 있습니다.
C:\WOL\WizardOfLegend\WOL\WOL\SwordMan.cpp(227,73): warning C4305: '인수': 'double'에서 'float'(으)로 잘립니다.
C:\Program Files (x86)\Microsoft Visual Studio\2019\Community\VC\Tools\MSVC\14.26.28801\include\utility(152,1): warning C4244: '초기화 중': '_Ty'에서 '_Ty2'(으)로 변환하면서 데이터가 손실될 수 있습니다.
          with
          [
              _Ty=float
          ]
          and
          [
              _Ty2=int
          ]
C:\WOL\WizardOfLegend\WOL\WOL\SwordMan.cpp(42): message : 컴파일되는 함수 템플릿 인스턴스화 'std::pair<int,int>::pair<int,float,0>(_Other1 &&,_Other2 &&) noexcept'에 대한 참조를 확인하세요.
          with
          [
              _Other1=int,
              _Other2=float
          ]
C:\WOL\WizardOfLegend\WOL\WOL\SwordMan.cpp(42): message : 컴파일되는 함수 템플릿 인스턴스화 'std::pair<int,int>::pair<int,float,0>(_Other1 &&,_Other2 &&) noexcept'에 대한 참조를 확인하세요.
          with
          [
              _Other1=int,
              _Other2=float
          ]
C:\Program Files (x86)\Microsoft Visual Studio\2019\Community\VC\Tools\MSVC\14.26.28801\include\utility(152,16): warning C4244: '초기화 중': '_Ty'에서 '_Ty1'(으)로 변환하면서 데이터가 손실될 수 있습니다.
          with
          [
              _Ty=int
          ]
          and
          [
              _Ty1=float
          ]
C:\WOL\WizardOfLegend\WOL\WOL\SwordMan.cpp(155): message : 컴파일되는 함수 템플릿 인스턴스화 'std::pair<float,float>::pair<int,int,0>(_Other1 &&,_Other2 &&) noexcept'에 대한 참조를 확인하세요.
          with
          [
              _Other1=int,
              _Other2=int
          ]
C:\WOL\WizardOfLegend\WOL\WOL\SwordMan.cpp(155): message : 컴파일되는 함수 템플릿 인스턴스화 'std::pair<float,float>::pair<int,int,0>(_Other1 &&,_Other2 &&) noexcept'에 대한 참조를 확인하세요.
          with
          [
              _Other1=int,
              _Other2=int
          ]
C:\Program Files (x86)\Microsoft Visual Studio\2019\Community\VC\Tools\MSVC\14.26.28801\include\utility(152,1): warning C4244: '초기화 중': '_Ty'에서 '_Ty2'(으)로 변환하면서 데이터가 손실될 수 있습니다.
          with
          [
              _Ty=int
          ]
          and
          [
              _Ty2=float
          ]
  SwordManAttack.cpp
C:\WOL\WizardOfLegend\WOL\WOL\SwordManAttack.cpp(37,25): warning C4244: '=': 'float'에서 'int'(으)로 변환하면서 데이터가 손실될 수 있습니다.
C:\WOL\WizardOfLegend\WOL\WOL\SwordManAttack.cpp(38,25): warning C4244: '=': 'float'에서 'int'(으)로 변환하면서 데이터가 손실될 수 있습니다.
C:\WOL\WizardOfLegend\WOL\WOL\SwordManAttack.cpp(109,10): warning C4244: '초기화 중': 'float'에서 'int'(으)로 변환하면서 데이터가 손실될 수 있습니다.
C:\WOL\WizardOfLegend\WOL\WOL\SwordManAttack.cpp(110,10): warning C4244: '초기화 중': 'float'에서 'int'(으)로 변환하면서 데이터가 손실될 수 있습니다.
C:\WOL\WizardOfLegend\WOL\WOL\SwordManAttack.cpp(115,44): warning C4244: '인수': 'float'에서 'int'(으)로 변환하면서 데이터가 손실될 수 있습니다.
C:\WOL\WizardOfLegend\WOL\WOL\SwordManAttack.cpp(115,29): warning C4244: '인수': 'float'에서 'int'(으)로 변환하면서 데이터가 손실될 수 있습니다.
  Tile.cpp
C:\WOL\WizardOfLegend\WOL\WOL\Tile.cpp(22,83): warning C4244: '인수': 'float'에서 'int'(으)로 변환하면서 데이터가 손실될 수 있습니다.
C:\WOL\WizardOfLegend\WOL\WOL\Tile.cpp(22,77): warning C4244: '인수': 'float'에서 'int'(으)로 변환하면서 데이터가 손실될 수 있습니다.
C:\WOL\WizardOfLegend\WOL\WOL\Tile.cpp(22,71): warning C4244: '인수': 'float'에서 'int'(으)로 변환하면서 데이터가 손실될 수 있습니다.
C:\WOL\WizardOfLegend\WOL\WOL\Tile.cpp(22,65): warning C4244: '인수': 'float'에서 'int'(으)로 변환하면서 데이터가 손실될 수 있습니다.
C:\WOL\WizardOfLegend\WOL\WOL\Tile.cpp(22,41): warning C4244: '인수': 'float'에서 'int'(으)로 변환하면서 데이터가 손실될 수 있습니다.
C:\WOL\WizardOfLegend\WOL\WOL\Tile.cpp(22,36): warning C4244: '인수': 'float'에서 'int'(으)로 변환하면서 데이터가 손실될 수 있습니다.
C:\WOL\WizardOfLegend\WOL\WOL\Tile.cpp(22,31): warning C4244: '인수': 'float'에서 'int'(으)로 변환하면서 데이터가 손실될 수 있습니다.
C:\WOL\WizardOfLegend\WOL\WOL\Tile.cpp(22,26): warning C4244: '인수': 'float'에서 'int'(으)로 변환하면서 데이터가 손실될 수 있습니다.
  Tile_mgr.cpp
C:\WOL\WizardOfLegend\WOL\WOL\Tile_mgr.cpp(158,20): warning C4018: '<': signed 또는 unsigned가 일치하지 않습니다.
C:\Program Files (x86)\Microsoft Visual Studio\2019\Community\VC\Tools\MSVC\14.26.28801\include\utility(152,16): warning C4244: '초기화 중': '_Ty'에서 '_Ty1'(으)로 변환하면서 데이터가 손실될 수 있습니다.
          with
          [
              _Ty=float
          ]
          and
          [
              _Ty1=int
          ]
C:\WOL\WizardOfLegend\WOL\WOL\Tile_mgr.cpp(94): message : 컴파일되는 함수 템플릿 인스턴스화 'std::pair<int,int>::pair<float,float,0>(_Other1 &&,_Other2 &&) noexcept'에 대한 참조를 확인하세요.
          with
          [
              _Other1=float,
              _Other2=float
          ]
C:\WOL\WizardOfLegend\WOL\WOL\Tile_mgr.cpp(94): message : 컴파일되는 함수 템플릿 인스턴스화 'std::pair<int,int>::pair<float,float,0>(_Other1 &&,_Other2 &&) noexcept'에 대한 참조를 확인하세요.
          with
          [
              _Other1=float,
              _Other2=float
          ]
C:\Program Files (x86)\Microsoft Visual Studio\2019\Community\VC\Tools\MSVC\14.26.28801\include\utility(152,1): warning C4244: '초기화 중': '_Ty'에서 '_Ty2'(으)로 변환하면서 데이터가 손실될 수 있습니다.
          with
          [
              _Ty=float
          ]
          and
          [
              _Ty2=int
          ]
  timer.cpp
C:\WOL\WizardOfLegend\WOL\WOL\timer.cpp(116,21): warning C4244: '=': 'DWORD'에서 'float'(으)로 변환하면서 데이터가 손실될 수 있습니다.
  transform.cpp
  UI.cpp
  UIBar.cpp
C:\WOL\WizardOfLegend\WOL\WOL\player_info.h(4,1): warning C4099: 'player_info': 처음에는 'class'을(를) 사용하여 형식 이름을 표시했는데 이제는 'struct'을(를) 사용하여 표시합니다.
C:\WOL\WizardOfLegend\WOL\WOL\player_info.h(3): message : 'player_info' 선언을 참조하십시오.
C:\WOL\WizardOfLegend\WOL\WOL\player_info.h(18,26): warning C4305: '초기화 중': 'double'에서 'float'(으)로 잘립니다.
C:\WOL\WizardOfLegend\WOL\WOL\UIBar.cpp(31,63): warning C4244: '인수': 'float'에서 'int'(으)로 변환하면서 데이터가 손실될 수 있습니다.
C:\WOL\WizardOfLegend\WOL\WOL\UIBar.cpp(31,50): warning C4244: '인수': 'float'에서 'int'(으)로 변환하면서 데이터가 손실될 수 있습니다.
C:\WOL\WizardOfLegend\WOL\WOL\UIBar.cpp(31,37): warning C4244: '인수': 'float'에서 'int'(으)로 변환하면서 데이터가 손실될 수 있습니다.
C:\WOL\WizardOfLegend\WOL\WOL\UIBar.cpp(31,24): warning C4244: '인수': 'float'에서 'int'(으)로 변환하면서 데이터가 손실될 수 있습니다.
  컴파일하고 있습니다...
  UIBossHPBar.cpp
C:\WOL\WizardOfLegend\WOL\WOL\player_info.h(4,1): warning C4099: 'player_info': 처음에는 'class'을(를) 사용하여 형식 이름을 표시했는데 이제는 'struct'을(를) 사용하여 표시합니다.
C:\WOL\WizardOfLegend\WOL\WOL\player_info.h(3): message : 'player_info' 선언을 참조하십시오.
C:\WOL\WizardOfLegend\WOL\WOL\player_info.h(18,26): warning C4305: '초기화 중': 'double'에서 'float'(으)로 잘립니다.
  UIBossName.cpp
  UIGold.cpp
C:\WOL\WizardOfLegend\WOL\WOL\player_info.h(4,1): warning C4099: 'player_info': 처음에는 'class'을(를) 사용하여 형식 이름을 표시했는데 이제는 'struct'을(를) 사용하여 표시합니다.
C:\WOL\WizardOfLegend\WOL\WOL\player_info.h(3): message : 'player_info' 선언을 참조하십시오.
C:\WOL\WizardOfLegend\WOL\WOL\player_info.h(18,26): warning C4305: '초기화 중': 'double'에서 'float'(으)로 잘립니다.
C:\WOL\WizardOfLegend\WOL\WOL\UIGold.cpp(41,22): warning C4838: 'float'에서 'LONG'(으)로의 변환에는 축소 변환이 필요합니다.
C:\WOL\WizardOfLegend\WOL\WOL\UIGold.cpp(41,22): warning C4244: '초기화 중': 'float'에서 'LONG'(으)로 변환하면서 데이터가 손실될 수 있습니다.
C:\WOL\WizardOfLegend\WOL\WOL\UIGold.cpp(41,54): warning C4838: 'float'에서 'LONG'(으)로의 변환에는 축소 변환이 필요합니다.
C:\WOL\WizardOfLegend\WOL\WOL\UIGold.cpp(41,54): warning C4244: '초기화 중': 'float'에서 'LONG'(으)로 변환하면서 데이터가 손실될 수 있습니다.
C:\WOL\WizardOfLegend\WOL\WOL\UIGold.cpp(41,81): warning C4838: 'float'에서 'LONG'(으)로의 변환에는 축소 변환이 필요합니다.
C:\WOL\WizardOfLegend\WOL\WOL\UIGold.cpp(41,81): warning C4244: '초기화 중': 'float'에서 'LONG'(으)로 변환하면서 데이터가 손실될 수 있습니다.
C:\WOL\WizardOfLegend\WOL\WOL\UIGold.cpp(41,114): warning C4838: 'float'에서 'LONG'(으)로의 변환에는 축소 변환이 필요합니다.
C:\WOL\WizardOfLegend\WOL\WOL\UIGold.cpp(41,114): warning C4244: '초기화 중': 'float'에서 'LONG'(으)로 변환하면서 데이터가 손실될 수 있습니다.
  UIHPBar.cpp
C:\WOL\WizardOfLegend\WOL\WOL\player_info.h(4,1): warning C4099: 'player_info': 처음에는 'class'을(를) 사용하여 형식 이름을 표시했는데 이제는 'struct'을(를) 사용하여 표시합니다.
C:\WOL\WizardOfLegend\WOL\WOL\player_info.h(3): message : 'player_info' 선언을 참조하십시오.
C:\WOL\WizardOfLegend\WOL\WOL\player_info.h(18,26): warning C4305: '초기화 중': 'double'에서 'float'(으)로 잘립니다.
C:\WOL\WizardOfLegend\WOL\WOL\UIHPBar.cpp(33,26): warning C4244: '=': 'uint32_t'에서 'float'(으)로 변환하면서 데이터가 손실될 수 있습니다.
  UIInteraction.cpp
  UISkillIBarIcon.cpp
C:\WOL\WizardOfLegend\WOL\WOL\player_info.h(18,26): warning C4305: '초기화 중': 'double'에서 'float'(으)로 잘립니다.
C:\WOL\WizardOfLegend\WOL\WOL\game.h(21,35): warning C4099: 'player_info': 처음에는 'struct'을(를) 사용하여 형식 이름을 표시했는데 이제는 'class'을(를) 사용하여 표시합니다.
C:\WOL\WizardOfLegend\WOL\WOL\player_info.h(3): message : 'player_info' 선언을 참조하십시오.
C:\WOL\WizardOfLegend\WOL\WOL\UISkillIBarIcon.cpp(48,80): warning C4244: '인수': 'float'에서 'int'(으)로 변환하면서 데이터가 손실될 수 있습니다.
C:\WOL\WizardOfLegend\WOL\WOL\UISkillIBarIcon.cpp(48,67): warning C4244: '인수': 'float'에서 'int'(으)로 변환하면서 데이터가 손실될 수 있습니다.
C:\WOL\WizardOfLegend\WOL\WOL\UISkillIBarIcon.cpp(48,45): warning C4244: '인수': 'float'에서 'int'(으)로 변환하면서 데이터가 손실될 수 있습니다.
C:\WOL\WizardOfLegend\WOL\WOL\UISkillIBarIcon.cpp(47,35): warning C4244: '인수': 'float'에서 'int'(으)로 변환하면서 데이터가 손실될 수 있습니다.
C:\WOL\WizardOfLegend\WOL\WOL\UISkillIBarIcon.cpp(46,80): warning C4244: '인수': 'float'에서 'int'(으)로 변환하면서 데이터가 손실될 수 있습니다.
C:\WOL\WizardOfLegend\WOL\WOL\UISkillIBarIcon.cpp(46,33): warning C4244: '인수': 'float'에서 'int'(으)로 변환하면서 데이터가 손실될 수 있습니다.
C:\WOL\WizardOfLegend\WOL\WOL\UISkillIBarIcon.cpp(46,26): warning C4244: '인수': 'float'에서 'int'(으)로 변환하면서 데이터가 손실될 수 있습니다.
  UIInfo.cpp
  UIMpBar.cpp
C:\WOL\WizardOfLegend\WOL\WOL\player_info.h(4,1): warning C4099: 'player_info': 처음에는 'class'을(를) 사용하여 형식 이름을 표시했는데 이제는 'struct'을(를) 사용하여 표시합니다.
C:\WOL\WizardOfLegend\WOL\WOL\player_info.h(3): message : 'player_info' 선언을 참조하십시오.
C:\WOL\WizardOfLegend\WOL\WOL\player_info.h(18,26): warning C4305: '초기화 중': 'double'에서 'float'(으)로 잘립니다.
C:\WOL\WizardOfLegend\WOL\WOL\UIMpBar.cpp(33,26): warning C4244: '=': 'uint32_t'에서 'float'(으)로 변환하면서 데이터가 손실될 수 있습니다.
  UISkillBar.cpp
  UIStart.cpp
C:\WOL\WizardOfLegend\WOL\WOL\player_info.h(4,1): warning C4099: 'player_info': 처음에는 'class'을(를) 사용하여 형식 이름을 표시했는데 이제는 'struct'을(를) 사용하여 표시합니다.
C:\WOL\WizardOfLegend\WOL\WOL\player_info.h(3): message : 'player_info' 선언을 참조하십시오.
C:\WOL\WizardOfLegend\WOL\WOL\player_info.h(18,26): warning C4305: '초기화 중': 'double'에서 'float'(으)로 잘립니다.
  UI_PlayerBar.cpp
C:\WOL\WizardOfLegend\WOL\WOL\player_info.h(4,1): warning C4099: 'player_info': 처음에는 'class'을(를) 사용하여 형식 이름을 표시했는데 이제는 'struct'을(를) 사용하여 표시합니다.
C:\WOL\WizardOfLegend\WOL\WOL\player_info.h(3): message : 'player_info' 선언을 참조하십시오.
C:\WOL\WizardOfLegend\WOL\WOL\player_info.h(18,26): warning C4305: '초기화 중': 'double'에서 'float'(으)로 잘립니다.
  WIZARD.cpp
C:\WOL\WizardOfLegend\WOL\WOL\WizardFire.h(24,15): warning C4244: '초기화 중': 'double'에서 'int'(으)로 변환하면서 데이터가 손실될 수 있습니다.
C:\WOL\WizardOfLegend\WOL\WOL\WizardFire.h(25,15): warning C4244: '초기화 중': 'double'에서 'int'(으)로 변환하면서 데이터가 손실될 수 있습니다.
C:\WOL\WizardOfLegend\WOL\WOL\WIZARD.cpp(27,18): warning C4244: '=': 'float'에서 'int'(으)로 변환하면서 데이터가 손실될 수 있습니다.
C:\WOL\WizardOfLegend\WOL\WOL\WIZARD.cpp(125,82): warning C4244: '인수': 'Ty'에서 'const float'(으)로 변환하면서 데이터가 손실될 수 있습니다.
          with
          [
              Ty=int
          ]
C:\WOL\WizardOfLegend\WOL\WOL\WIZARD.cpp(219,12): warning C4244: '초기화 중': 'Ty'에서 'float'(으)로 변환하면서 데이터가 손실될 수 있습니다.
          with
          [
              Ty=int
          ]
C:\WOL\WizardOfLegend\WOL\WOL\WIZARD.cpp(220,22): warning C4244: '-=': 'float'에서 'int'(으)로 변환하면서 데이터가 손실될 수 있습니다.
C:\Program Files (x86)\Microsoft Visual Studio\2019\Community\VC\Tools\MSVC\14.26.28801\include\utility(152,1): warning C4244: '초기화 중': '_Ty'에서 '_Ty2'(으)로 변환하면서 데이터가 손실될 수 있습니다.
          with
          [
              _Ty=float
          ]
          and
          [
              _Ty2=int
          ]
C:\WOL\WizardOfLegend\WOL\WOL\WIZARD.cpp(40): message : 컴파일되는 함수 템플릿 인스턴스화 'std::pair<int,int>::pair<int,float,0>(_Other1 &&,_Other2 &&) noexcept'에 대한 참조를 확인하세요.
          with
          [
              _Other1=int,
              _Other2=float
          ]
C:\WOL\WizardOfLegend\WOL\WOL\WIZARD.cpp(40): message : 컴파일되는 함수 템플릿 인스턴스화 'std::pair<int,int>::pair<int,float,0>(_Other1 &&,_Other2 &&) noexcept'에 대한 참조를 확인하세요.
          with
          [
              _Other1=int,
              _Other2=float
          ]
C:\Program Files (x86)\Microsoft Visual Studio\2019\Community\VC\Tools\MSVC\14.26.28801\include\utility(152,16): warning C4244: '초기화 중': '_Ty'에서 '_Ty1'(으)로 변환하면서 데이터가 손실될 수 있습니다.
          with
          [
              _Ty=int
          ]
          and
          [
              _Ty1=float
          ]
C:\WOL\WizardOfLegend\WOL\WOL\WIZARD.cpp(154): message : 컴파일되는 함수 템플릿 인스턴스화 'std::pair<float,float>::pair<int,int,0>(_Other1 &&,_Other2 &&) noexcept'에 대한 참조를 확인하세요.
          with
          [
              _Other1=int,
              _Other2=int
          ]
C:\WOL\WizardOfLegend\WOL\WOL\WIZARD.cpp(153): message : 컴파일되는 함수 템플릿 인스턴스화 'std::pair<float,float>::pair<int,int,0>(_Other1 &&,_Other2 &&) noexcept'에 대한 참조를 확인하세요.
          with
          [
              _Other1=int,
              _Other2=int
          ]
C:\Program Files (x86)\Microsoft Visual Studio\2019\Community\VC\Tools\MSVC\14.26.28801\include\utility(152,1): warning C4244: '초기화 중': '_Ty'에서 '_Ty2'(으)로 변환하면서 데이터가 손실될 수 있습니다.
          with
          [
              _Ty=int
          ]
          and
          [
              _Ty2=float
          ]
  WizardBall.cpp
C:\WOL\WizardOfLegend\WOL\WOL\WizardBall.cpp(67,37): warning C4244: '인수': 'float'에서 'int'(으)로 변환하면서 데이터가 손실될 수 있습니다.
C:\WOL\WizardOfLegend\WOL\WOL\WizardBall.cpp(67,20): warning C4244: '인수': 'float'에서 'int'(으)로 변환하면서 데이터가 손실될 수 있습니다.
C:\WOL\WizardOfLegend\WOL\WOL\WizardBall.cpp(66,24): warning C4244: '인수': 'float'에서 'int'(으)로 변환하면서 데이터가 손실될 수 있습니다.
C:\WOL\WizardOfLegend\WOL\WOL\WizardBall.cpp(66,13): warning C4244: '인수': 'float'에서 'int'(으)로 변환하면서 데이터가 손실될 수 있습니다.
C:\WOL\WizardOfLegend\WOL\WOL\WizardBall.cpp(120,12): warning C4244: '-=': 'float'에서 'int'(으)로 변환하면서 데이터가 손실될 수 있습니다.
C:\WOL\WizardOfLegend\WOL\WOL\WizardBall.cpp(187,13): warning C4244: '초기화 중': 'float'에서 'int'(으)로 변환하면서 데이터가 손실될 수 있습니다.
C:\Program Files (x86)\Microsoft Visual Studio\2019\Community\VC\Tools\MSVC\14.26.28801\include\utility(181,16): warning C4244: '초기화 중': 'const _Ty1'에서 '_Ty1'(으)로 변환하면서 데이터가 손실될 수 있습니다.
          with
          [
              _Ty1=int
          ]
          and
          [
              _Ty1=float
          ]
C:\WOL\WizardOfLegend\WOL\WOL\WizardBall.cpp(99): message : 컴파일되는 함수 템플릿 인스턴스화 'std::pair<float,float>::pair<int,int,0>(const std::pair<int,int> &) noexcept'에 대한 참조를 확인하세요.
C:\WOL\WizardOfLegend\WOL\WOL\WizardBall.cpp(99): message : 컴파일되는 함수 템플릿 인스턴스화 'std::pair<float,float>::pair<int,int,0>(const std::pair<int,int> &) noexcept'에 대한 참조를 확인하세요.
C:\Program Files (x86)\Microsoft Visual Studio\2019\Community\VC\Tools\MSVC\14.26.28801\include\utility(181,1): warning C4244: '초기화 중': 'const _Ty2'에서 '_Ty2'(으)로 변환하면서 데이터가 손실될 수 있습니다.
          with
          [
              _Ty2=int
          ]
          and
          [
              _Ty2=float
          ]
  WizardFire.cpp
C:\WOL\WizardOfLegend\WOL\WOL\WizardFire.h(24,15): warning C4244: '초기화 중': 'double'에서 'int'(으)로 변환하면서 데이터가 손실될 수 있습니다.
C:\WOL\WizardOfLegend\WOL\WOL\WizardFire.h(25,15): warning C4244: '초기화 중': 'double'에서 'int'(으)로 변환하면서 데이터가 손실될 수 있습니다.
C:\WOL\WizardOfLegend\WOL\WOL\WizardFire.cpp(42,31): warning C4244: '인수': 'float'에서 'int'(으)로 변환하면서 데이터가 손실될 수 있습니다.
C:\WOL\WizardOfLegend\WOL\WOL\WizardFire.cpp(42,26): warning C4244: '인수': 'float'에서 'int'(으)로 변환하면서 데이터가 손실될 수 있습니다.
C:\WOL\WizardOfLegend\WOL\WOL\WizardFire.cpp(48,63): warning C4244: '인수': 'float'에서 'int'(으)로 변환하면서 데이터가 손실될 수 있습니다.
C:\WOL\WizardOfLegend\WOL\WOL\WizardFire.cpp(48,38): warning C4244: '인수': 'float'에서 'int'(으)로 변환하면서 데이터가 손실될 수 있습니다.
C:\WOL\WizardOfLegend\WOL\WOL\WizardFire.cpp(49,92): warning C4244: '인수': 'float'에서 'int'(으)로 변환하면서 데이터가 손실될 수 있습니다.
C:\WOL\WizardOfLegend\WOL\WOL\WizardFire.cpp(49,40): warning C4244: '인수': 'float'에서 'int'(으)로 변환하면서 데이터가 손실될 수 있습니다.
C:\WOL\WizardOfLegend\WOL\WOL\WizardFire.cpp(56,10): warning C4244: '초기화 중': 'float'에서 'int'(으)로 변환하면서 데이터가 손실될 수 있습니다.
C:\WOL\WizardOfLegend\WOL\WOL\WizardFire.cpp(119,11): warning C4244: '=': 'float'에서 'int'(으)로 변환하면서 데이터가 손실될 수 있습니다.
C:\WOL\WizardOfLegend\WOL\WOL\WizardFire.cpp(120,11): warning C4244: '=': 'float'에서 'int'(으)로 변환하면서 데이터가 손실될 수 있습니다.
  WOL.cpp
C:\WOL\WizardOfLegend\WOL\WOL\WOL.cpp(65,30): warning C4244: '=': 'ULONGLONG'에서 'float'(으)로 변환하면서 데이터가 손실될 수 있습니다.
C:\WOL\WizardOfLegend\WOL\WOL\WOL.cpp(90,31): warning C4244: '=': 'DWORD'에서 'float'(으)로 변환하면서 데이터가 손실될 수 있습니다.
C:\WOL\WizardOfLegend\WOL\WOL\WOL.cpp(110,31): warning C4244: '=': 'DWORD'에서 'float'(으)로 변환하면서 데이터가 손실될 수 있습니다.
  코드를 생성하고 있습니다.
  Previous IPDB not found, fall back to full compilation.
  All 6970 functions were compiled because no usable IPDB/IOBJ from previous compilation was found.
  코드를 생성했습니다.
  WOL.vcxproj -> C:\WOL\WizardOfLegend\WOL\Release\WOL.exe
