c:\wol\wizardoflegend\wol\wol\release\wol.pch
c:\wol\wizardoflegend\wol\wol\release\vc142.pdb
c:\wol\wizardoflegend\wol\wol\release\pch.obj
c:\wol\wizardoflegend\wol\wol\release\font.obj
c:\wol\wizardoflegend\wol\wol\release\firedragon.obj
c:\wol\wizardoflegend\wol\wol\release\effectplayerattack.obj
c:\wol\wizardoflegend\wol\wol\release\effect.obj
c:\wol\wizardoflegend\wol\wol\release\debuger.obj
c:\wol\wizardoflegend\wol\wol\release\color.obj
c:\wol\wizardoflegend\wol\wol\release\collision_mgr.obj
c:\wol\wizardoflegend\wol\wol\release\collision_component.obj
c:\wol\wizardoflegend\wol\wol\release\camera.obj
c:\wol\wizardoflegend\wol\wol\release\bossinfo.obj
c:\wol\wizardoflegend\wol\wol\release\bosscrystal.obj
c:\wol\wizardoflegend\wol\wol\release\boss.obj
c:\wol\wizardoflegend\wol\wol\release\boomerang.obj
c:\wol\wizardoflegend\wol\wol\release\bmp_mgr.obj
c:\wol\wizardoflegend\wol\wol\release\bmp.obj
c:\wol\wizardoflegend\wol\wol\release\archerbow.obj
c:\wol\wizardoflegend\wol\wol\release\archerarrow.obj
c:\wol\wizardoflegend\wol\wol\release\archer.obj
c:\wol\wizardoflegend\wol\wol\release\anim.obj
c:\wol\wizardoflegend\wol\wol\release\actor.obj
c:\wol\wizardoflegend\wol\wol\release\rotationboomerang.obj
c:\wol\wizardoflegend\wol\wol\release\render_component.obj
c:\wol\wizardoflegend\wol\wol\release\player_info.obj
c:\wol\wizardoflegend\wol\wol\release\player.obj
c:\wol\wizardoflegend\wol\wol\release\object_mgr.obj
c:\wol\wizardoflegend\wol\wol\release\object.obj
c:\wol\wizardoflegend\wol\wol\release\my_rect.obj
c:\wol\wizardoflegend\wol\wol\release\mouse.obj
c:\wol\wizardoflegend\wol\wol\release\monster.obj
c:\wol\wizardoflegend\wol\wol\release\money.obj
c:\wol\wizardoflegend\wol\wol\release\middle_boss.obj
c:\wol\wizardoflegend\wol\wol\release\math.obj
c:\wol\wizardoflegend\wol\wol\release\layer_type.obj
c:\wol\wizardoflegend\wol\wol\release\input_mgr.obj
c:\wol\wizardoflegend\wol\wol\release\ice_crystal.obj
c:\wol\wizardoflegend\wol\wol\release\ice_blast.obj
c:\wol\wizardoflegend\wol\wol\release\homingblast.obj
c:\wol\wizardoflegend\wol\wol\release\helper.obj
c:\wol\wizardoflegend\wol\wol\release\goldeffect.obj
c:\wol\wizardoflegend\wol\wol\release\game.obj
c:\wol\wizardoflegend\wol\wol\release\uibar.obj
c:\wol\wizardoflegend\wol\wol\release\ui.obj
c:\wol\wizardoflegend\wol\wol\release\transform.obj
c:\wol\wizardoflegend\wol\wol\release\timer.obj
c:\wol\wizardoflegend\wol\wol\release\tile_mgr.obj
c:\wol\wizardoflegend\wol\wol\release\tile.obj
c:\wol\wizardoflegend\wol\wol\release\swordmanattack.obj
c:\wol\wizardoflegend\wol\wol\release\swordman.obj
c:\wol\wizardoflegend\wol\wol\release\sound_mgr.obj
c:\wol\wizardoflegend\wol\wol\release\singleton_interface.obj
c:\wol\wizardoflegend\wol\wol\release\shield.obj
c:\wol\wizardoflegend\wol\wol\release\shadow.obj
c:\wol\wizardoflegend\wol\wol\release\screwboomerang.obj
c:\wol\wizardoflegend\wol\wol\release\scene_start.obj
c:\wol\wizardoflegend\wol\wol\release\scene_stage.obj
c:\wol\wizardoflegend\wol\wol\release\scene_mgr.obj
c:\wol\wizardoflegend\wol\wol\release\scene_end.obj
c:\wol\wizardoflegend\wol\wol\release\scene_edit.obj
c:\wol\wizardoflegend\wol\wol\release\scene_boss.obj
c:\wol\wizardoflegend\wol\wol\release\scene.obj
c:\wol\wizardoflegend\wol\wol\release\wol.obj
c:\wol\wizardoflegend\wol\wol\release\wizardfire.obj
c:\wol\wizardoflegend\wol\wol\release\wizardball.obj
c:\wol\wizardoflegend\wol\wol\release\wizard.obj
c:\wol\wizardoflegend\wol\wol\release\ui_playerbar.obj
c:\wol\wizardoflegend\wol\wol\release\uistart.obj
c:\wol\wizardoflegend\wol\wol\release\uiskillbar.obj
c:\wol\wizardoflegend\wol\wol\release\uimpbar.obj
c:\wol\wizardoflegend\wol\wol\release\uiinfo.obj
c:\wol\wizardoflegend\wol\wol\release\uiskillibaricon.obj
c:\wol\wizardoflegend\wol\wol\release\uiinteraction.obj
c:\wol\wizardoflegend\wol\wol\release\uihpbar.obj
c:\wol\wizardoflegend\wol\wol\release\uigold.obj
c:\wol\wizardoflegend\wol\wol\release\uibossname.obj
c:\wol\wizardoflegend\wol\wol\release\uibosshpbar.obj
c:\wol\wizardoflegend\wol\release\wol.exe
c:\wol\wizardoflegend\wol\release\wol.pdb
c:\wol\wizardoflegend\wol\wol\release\wol.res
c:\wol\wizardoflegend\wol\release\wol.ipdb
c:\wol\wizardoflegend\wol\release\wol.iobj
c:\wol\wizardoflegend\wol\wol\release\wol.tlog\cl.command.1.tlog
c:\wol\wizardoflegend\wol\wol\release\wol.tlog\cl.read.1.tlog
c:\wol\wizardoflegend\wol\wol\release\wol.tlog\cl.write.1.tlog
c:\wol\wizardoflegend\wol\wol\release\wol.tlog\link.command.1.tlog
c:\wol\wizardoflegend\wol\wol\release\wol.tlog\link.read.1.tlog
c:\wol\wizardoflegend\wol\wol\release\wol.tlog\link.write.1.tlog
c:\wol\wizardoflegend\wol\wol\release\wol.tlog\rc.command.1.tlog
c:\wol\wizardoflegend\wol\wol\release\wol.tlog\rc.read.1.tlog
c:\wol\wizardoflegend\wol\wol\release\wol.tlog\rc.write.1.tlog
c:\wol\wizardoflegend\wol\wol\release\wol.tlog\wol.write.1u.tlog
